#
# There is insufficient memory for the Java Runtime Environment to continue.
# Native memory allocation (malloc) failed to allocate 1030736 bytes. Error detail: Chunk::new
# Possible reasons:
#   The system is out of physical RAM or swap space
#   This process is running with CompressedOops enabled, and the Java Heap may be blocking the growth of the native heap
# Possible solutions:
#   Reduce memory load on the system
#   Increase physical memory or swap space
#   Check if swap backing store is full
#   Decrease Java heap size (-Xmx/-Xms)
#   Decrease number of Java threads
#   Decrease Java thread stack sizes (-Xss)
#   Set larger code cache with -XX:ReservedCodeCacheSize=
#   JVM is running with Unscaled Compressed Oops mode in which the Java heap is
#     placed in the first 4GB address space. The Java Heap base address is the
#     maximum limit for the native heap growth. Please use -XX:HeapBaseMinAddress
#     to set the Java Heap base and to place the Java Heap above 4GB virtual address.
# This output file may be truncated or incomplete.
#
#  Out of Memory Error (arena.cpp:191), pid=2392, tid=15444
#
# JRE version: OpenJDK Runtime Environment Microsoft-11369865 (17.0.15+6) (build 17.0.15+6-LTS)
# Java VM: OpenJDK 64-Bit Server VM Microsoft-11369865 (17.0.15+6-LTS, mixed mode, sharing, tiered, compressed oops, compressed class ptrs, g1 gc, windows-amd64)
# No core dump will be written. Minidumps are not enabled by default on client versions of Windows
#

---------------  S U M M A R Y ------------

Command Line: org.jetbrains.kotlin.cli.jvm.K2JVMCompiler @E:\UPC-Trabajo fuerte\AgileEzGym\MobileApp\build\camera_android_camerax\20250702_5221423775620199495.compiler.options

Host: AMD Ryzen 7 3750H with Radeon Vega Mobile Gfx  , 8 cores, 5G,  Windows 11 , 64 bit Build 22621 (10.0.22621.5262)
Time: Wed Jul  2 18:29:09 2025 Hora est. Pacífico, Sudamérica elapsed time: 78.152582 seconds (0d 0h 1m 18s)

---------------  T H R E A D  ---------------

Current thread (0x00000224a66e54a0):  JavaThread "C2 CompilerThread0" daemon [_thread_in_native, id=15444, stack(0x0000007398c00000,0x0000007398d00000)]


Current CompileTask:
C2:  78152 17198       4       org.jetbrains.org.objectweb.asm.ClassReader::readMethod (1061 bytes)

Stack: [0x0000007398c00000,0x0000007398d00000]
Native frames: (J=compiled Java code, j=interpreted, Vv=VM code, C=native code)
V  [jvm.dll+0x6887a9]
V  [jvm.dll+0x83f5a8]
V  [jvm.dll+0x841053]
V  [jvm.dll+0x8416c3]
V  [jvm.dll+0x2496ef]
V  [jvm.dll+0xad134]
V  [jvm.dll+0xad7cc]
V  [jvm.dll+0x2b0e1f]
V  [jvm.dll+0x58e789]
V  [jvm.dll+0x223972]
V  [jvm.dll+0x21c519]
V  [jvm.dll+0x219c3b]
V  [jvm.dll+0x1a55f6]
V  [jvm.dll+0x22a39a]
V  [jvm.dll+0x2284db]
V  [jvm.dll+0x7f4e28]
V  [jvm.dll+0x7ef2dc]
V  [jvm.dll+0x687687]
C  [ucrtbase.dll+0x29333]
C  [KERNEL32.DLL+0x1259d]
C  [ntdll.dll+0x5af58]


---------------  P R O C E S S  ---------------

Threads class SMR info:
_java_thread_list=0x00000224f1682280, length=12, elements={
0x000002248750f210, 0x00000224a66c7f40, 0x00000224a66c8cd0, 0x00000224a66dfc60,
0x00000224a66e3650, 0x00000224a66e3f20, 0x00000224a66e47f0, 0x00000224a66e54a0,
0x00000224a66e5e60, 0x00000224a66e8780, 0x00000224a682aad0, 0x00000224a68346a0
}

Java Threads: ( => current thread )
  0x000002248750f210 JavaThread "main" [_thread_in_vm, id=4120, stack(0x0000007397f00000,0x0000007398000000)]
  0x00000224a66c7f40 JavaThread "Reference Handler" daemon [_thread_blocked, id=17924, stack(0x0000007398600000,0x0000007398700000)]
  0x00000224a66c8cd0 JavaThread "Finalizer" daemon [_thread_blocked, id=15964, stack(0x0000007398700000,0x0000007398800000)]
  0x00000224a66dfc60 JavaThread "Signal Dispatcher" daemon [_thread_blocked, id=19960, stack(0x0000007398800000,0x0000007398900000)]
  0x00000224a66e3650 JavaThread "Attach Listener" daemon [_thread_blocked, id=20404, stack(0x0000007398900000,0x0000007398a00000)]
  0x00000224a66e3f20 JavaThread "Service Thread" daemon [_thread_blocked, id=21068, stack(0x0000007398a00000,0x0000007398b00000)]
  0x00000224a66e47f0 JavaThread "Monitor Deflation Thread" daemon [_thread_blocked, id=8168, stack(0x0000007398b00000,0x0000007398c00000)]
=>0x00000224a66e54a0 JavaThread "C2 CompilerThread0" daemon [_thread_in_native, id=15444, stack(0x0000007398c00000,0x0000007398d00000)]
  0x00000224a66e5e60 JavaThread "C1 CompilerThread0" daemon [_thread_blocked, id=8360, stack(0x0000007398d00000,0x0000007398e00000)]
  0x00000224a66e8780 JavaThread "Sweeper thread" daemon [_thread_blocked, id=8420, stack(0x0000007398e00000,0x0000007398f00000)]
  0x00000224a682aad0 JavaThread "Notification Thread" daemon [_thread_blocked, id=5296, stack(0x0000007398f00000,0x0000007399000000)]
  0x00000224a68346a0 JavaThread "Common-Cleaner" daemon [_thread_blocked, id=21008, stack(0x0000007399100000,0x0000007399200000)]

Other Threads:
  0x00000224a66c3990 VMThread "VM Thread" [stack: 0x0000007398500000,0x0000007398600000] [id=14400]
  0x00000224a6833ff0 WatcherThread [stack: 0x0000007399000000,0x0000007399100000] [id=18924]
  0x000002248755b580 GCTaskThread "GC Thread#0" [stack: 0x0000007398000000,0x0000007398100000] [id=1352]
  0x00000224ec1fa260 GCTaskThread "GC Thread#1" [stack: 0x0000007399200000,0x0000007399300000] [id=13404]
  0x00000224ec1675e0 GCTaskThread "GC Thread#2" [stack: 0x0000007399300000,0x0000007399400000] [id=19900]
  0x00000224ec24a020 GCTaskThread "GC Thread#3" [stack: 0x0000007399400000,0x0000007399500000] [id=10344]
  0x00000224ec24a2e0 GCTaskThread "GC Thread#4" [stack: 0x0000007399500000,0x0000007399600000] [id=21188]
  0x00000224ec6ccd90 GCTaskThread "GC Thread#5" [stack: 0x0000007399600000,0x0000007399700000] [id=20400]
  0x00000224a6b68ac0 GCTaskThread "GC Thread#6" [stack: 0x0000007399700000,0x0000007399800000] [id=17664]
  0x00000224ec00fcb0 GCTaskThread "GC Thread#7" [stack: 0x0000007399800000,0x0000007399900000] [id=4076]
  0x0000022487568220 ConcurrentGCThread "G1 Main Marker" [stack: 0x0000007398100000,0x0000007398200000] [id=1440]
  0x0000022487568b50 ConcurrentGCThread "G1 Conc#0" [stack: 0x0000007398200000,0x0000007398300000] [id=7520]
  0x00000224ec7fd070 ConcurrentGCThread "G1 Conc#1" [stack: 0x0000007399900000,0x0000007399a00000] [id=10780]
  0x00000224875bd950 ConcurrentGCThread "G1 Refine#0" [stack: 0x0000007398300000,0x0000007398400000] [id=19124]
  0x00000224ee4ce340 ConcurrentGCThread "G1 Refine#1" [stack: 0x0000007399a00000,0x0000007399b00000] [id=19516]
  0x00000224875be290 ConcurrentGCThread "G1 Service" [stack: 0x0000007398400000,0x0000007398500000] [id=2928]

Threads with active compile tasks:
C2 CompilerThread0    78403 17198       4       org.jetbrains.org.objectweb.asm.ClassReader::readMethod (1061 bytes)

VM state: not at safepoint (normal execution)

VM Mutex/Monitor currently owned by a thread:  ([mutex/lock_event])
[0x0000022487509320] Metaspace_lock - owner thread: 0x000002248750f210

Heap address: 0x00000000a0e00000, size: 1522 MB, Compressed Oops mode: 32-bit

CDS archive(s) mapped at: [0x00000224a7000000-0x00000224a7bb0000-0x00000224a7bb0000), size 12255232, SharedBaseAddress: 0x00000224a7000000, ArchiveRelocationMode: 1.
Compressed class space mapped at: 0x00000224a8000000-0x00000224e8000000, reserved size: 1073741824
Narrow klass base: 0x00000224a7000000, Narrow klass shift: 0, Narrow klass range: 0x100000000

GC Precious Log:
 CPUs: 8 total, 8 available
 Memory: 6082M
 Large Page Support: Disabled
 NUMA Support: Disabled
 Compressed Oops: Enabled (32-bit)
 Heap Region Size: 1M
 Heap Min Capacity: 8M
 Heap Initial Capacity: 96M
 Heap Max Capacity: 1522M
 Pre-touch: Disabled
 Parallel Workers: 8
 Concurrent Workers: 2
 Concurrent Refinement Workers: 8
 Periodic GC: Disabled

Heap:
 garbage-first heap   total 116736K, used 81919K [0x00000000a0e00000, 0x0000000100000000)
  region size 1024K, 9 young (9216K), 3 survivors (3072K)
 Metaspace       used 82905K, committed 83200K, reserved 1179648K
  class space    used 8686K, committed 8832K, reserved 1048576K

Heap Regions: E=young(eden), S=young(survivor), O=old, HS=humongous(starts), HC=humongous(continues), CS=collection set, F=free, OA=open archive, CA=closed archive, TAMS=top-at-mark-start (previous, next)
|   0|0x00000000a0e00000, 0x00000000a0f00000, 0x00000000a0f00000|100%|HS|  |TAMS 0x00000000a0f00000, 0x00000000a0e00000| Complete 
|   1|0x00000000a0f00000, 0x00000000a1000000, 0x00000000a1000000|100%|HC|  |TAMS 0x00000000a1000000, 0x00000000a0f00000| Complete 
|   2|0x00000000a1000000, 0x00000000a1100000, 0x00000000a1100000|100%|HC|  |TAMS 0x00000000a1100000, 0x00000000a1000000| Complete 
|   3|0x00000000a1100000, 0x00000000a1200000, 0x00000000a1200000|100%|HC|  |TAMS 0x00000000a1200000, 0x00000000a1100000| Complete 
|   4|0x00000000a1200000, 0x00000000a1300000, 0x00000000a1300000|100%| O|  |TAMS 0x00000000a1300000, 0x00000000a1200000| Untracked 
|   5|0x00000000a1300000, 0x00000000a1400000, 0x00000000a1400000|100%| O|  |TAMS 0x00000000a1400000, 0x00000000a1300000| Untracked 
|   6|0x00000000a1400000, 0x00000000a1500000, 0x00000000a1500000|100%| O|  |TAMS 0x00000000a1500000, 0x00000000a1400000| Untracked 
|   7|0x00000000a1500000, 0x00000000a1600000, 0x00000000a1600000|100%| O|  |TAMS 0x00000000a1600000, 0x00000000a1500000| Untracked 
|   8|0x00000000a1600000, 0x00000000a1700000, 0x00000000a1700000|100%| O|  |TAMS 0x00000000a1700000, 0x00000000a1600000| Untracked 
|   9|0x00000000a1700000, 0x00000000a1800000, 0x00000000a1800000|100%| O|  |TAMS 0x00000000a1800000, 0x00000000a1700000| Untracked 
|  10|0x00000000a1800000, 0x00000000a1900000, 0x00000000a1900000|100%| O|  |TAMS 0x00000000a1900000, 0x00000000a1800000| Untracked 
|  11|0x00000000a1900000, 0x00000000a1a00000, 0x00000000a1a00000|100%| O|  |TAMS 0x00000000a1a00000, 0x00000000a1900000| Untracked 
|  12|0x00000000a1a00000, 0x00000000a1b00000, 0x00000000a1b00000|100%| O|  |TAMS 0x00000000a1b00000, 0x00000000a1a00000| Untracked 
|  13|0x00000000a1b00000, 0x00000000a1c00000, 0x00000000a1c00000|100%| O|  |TAMS 0x00000000a1c00000, 0x00000000a1b00000| Untracked 
|  14|0x00000000a1c00000, 0x00000000a1d00000, 0x00000000a1d00000|100%| O|  |TAMS 0x00000000a1d00000, 0x00000000a1c00000| Untracked 
|  15|0x00000000a1d00000, 0x00000000a1e00000, 0x00000000a1e00000|100%| O|  |TAMS 0x00000000a1e00000, 0x00000000a1d00000| Untracked 
|  16|0x00000000a1e00000, 0x00000000a1f00000, 0x00000000a1f00000|100%| O|  |TAMS 0x00000000a1f00000, 0x00000000a1e00000| Untracked 
|  17|0x00000000a1f00000, 0x00000000a2000000, 0x00000000a2000000|100%| O|  |TAMS 0x00000000a2000000, 0x00000000a1f00000| Untracked 
|  18|0x00000000a2000000, 0x00000000a2100000, 0x00000000a2100000|100%| O|  |TAMS 0x00000000a2000000, 0x00000000a2000000| Untracked 
|  19|0x00000000a2100000, 0x00000000a2200000, 0x00000000a2200000|100%| O|  |TAMS 0x00000000a2200000, 0x00000000a2100000| Untracked 
|  20|0x00000000a2200000, 0x00000000a2300000, 0x00000000a2300000|100%| O|  |TAMS 0x00000000a2300000, 0x00000000a2200000| Untracked 
|  21|0x00000000a2300000, 0x00000000a2400000, 0x00000000a2400000|100%| O|  |TAMS 0x00000000a2400000, 0x00000000a2300000| Untracked 
|  22|0x00000000a2400000, 0x00000000a2500000, 0x00000000a2500000|100%| O|  |TAMS 0x00000000a2500000, 0x00000000a2400000| Untracked 
|  23|0x00000000a2500000, 0x00000000a2600000, 0x00000000a2600000|100%| O|  |TAMS 0x00000000a2600000, 0x00000000a2500000| Untracked 
|  24|0x00000000a2600000, 0x00000000a2700000, 0x00000000a2700000|100%| O|  |TAMS 0x00000000a2700000, 0x00000000a2600000| Untracked 
|  25|0x00000000a2700000, 0x00000000a2800000, 0x00000000a2800000|100%| O|  |TAMS 0x00000000a2800000, 0x00000000a2700000| Untracked 
|  26|0x00000000a2800000, 0x00000000a2900000, 0x00000000a2900000|100%| O|  |TAMS 0x00000000a2900000, 0x00000000a2800000| Untracked 
|  27|0x00000000a2900000, 0x00000000a2a00000, 0x00000000a2a00000|100%| O|  |TAMS 0x00000000a2a00000, 0x00000000a2900000| Untracked 
|  28|0x00000000a2a00000, 0x00000000a2b00000, 0x00000000a2b00000|100%| O|  |TAMS 0x00000000a2b00000, 0x00000000a2a00000| Untracked 
|  29|0x00000000a2b00000, 0x00000000a2c00000, 0x00000000a2c00000|100%| O|  |TAMS 0x00000000a2c00000, 0x00000000a2b00000| Untracked 
|  30|0x00000000a2c00000, 0x00000000a2d00000, 0x00000000a2d00000|100%| O|  |TAMS 0x00000000a2d00000, 0x00000000a2c00000| Untracked 
|  31|0x00000000a2d00000, 0x00000000a2e00000, 0x00000000a2e00000|100%| O|  |TAMS 0x00000000a2e00000, 0x00000000a2d00000| Untracked 
|  32|0x00000000a2e00000, 0x00000000a2f00000, 0x00000000a2f00000|100%| O|  |TAMS 0x00000000a2f00000, 0x00000000a2e00000| Untracked 
|  33|0x00000000a2f00000, 0x00000000a3000000, 0x00000000a3000000|100%| O|  |TAMS 0x00000000a3000000, 0x00000000a2f00000| Untracked 
|  34|0x00000000a3000000, 0x00000000a3100000, 0x00000000a3100000|100%| O|  |TAMS 0x00000000a3100000, 0x00000000a3000000| Untracked 
|  35|0x00000000a3100000, 0x00000000a3200000, 0x00000000a3200000|100%| O|  |TAMS 0x00000000a3200000, 0x00000000a3100000| Untracked 
|  36|0x00000000a3200000, 0x00000000a3300000, 0x00000000a3300000|100%| O|  |TAMS 0x00000000a3300000, 0x00000000a3200000| Untracked 
|  37|0x00000000a3300000, 0x00000000a3400000, 0x00000000a3400000|100%| O|  |TAMS 0x00000000a3400000, 0x00000000a3300000| Untracked 
|  38|0x00000000a3400000, 0x00000000a3500000, 0x00000000a3500000|100%| O|  |TAMS 0x00000000a3500000, 0x00000000a3400000| Untracked 
|  39|0x00000000a3500000, 0x00000000a3600000, 0x00000000a3600000|100%| O|  |TAMS 0x00000000a3600000, 0x00000000a3500000| Untracked 
|  40|0x00000000a3600000, 0x00000000a3700000, 0x00000000a3700000|100%| O|  |TAMS 0x00000000a3700000, 0x00000000a3600000| Untracked 
|  41|0x00000000a3700000, 0x00000000a3800000, 0x00000000a3800000|100%| O|  |TAMS 0x00000000a3800000, 0x00000000a3700000| Untracked 
|  42|0x00000000a3800000, 0x00000000a3900000, 0x00000000a3900000|100%| O|  |TAMS 0x00000000a3900000, 0x00000000a3800000| Untracked 
|  43|0x00000000a3900000, 0x00000000a3a00000, 0x00000000a3a00000|100%| O|  |TAMS 0x00000000a3a00000, 0x00000000a3900000| Untracked 
|  44|0x00000000a3a00000, 0x00000000a3b00000, 0x00000000a3b00000|100%| O|  |TAMS 0x00000000a3b00000, 0x00000000a3a00000| Untracked 
|  45|0x00000000a3b00000, 0x00000000a3c00000, 0x00000000a3c00000|100%| O|  |TAMS 0x00000000a3c00000, 0x00000000a3b00000| Untracked 
|  46|0x00000000a3c00000, 0x00000000a3d00000, 0x00000000a3d00000|100%| O|  |TAMS 0x00000000a3c00000, 0x00000000a3c00000| Untracked 
|  47|0x00000000a3d00000, 0x00000000a3e00000, 0x00000000a3e00000|100%| O|  |TAMS 0x00000000a3e00000, 0x00000000a3d00000| Untracked 
|  48|0x00000000a3e00000, 0x00000000a3f00000, 0x00000000a3f00000|100%| O|  |TAMS 0x00000000a3f00000, 0x00000000a3e00000| Untracked 
|  49|0x00000000a3f00000, 0x00000000a4000000, 0x00000000a4000000|100%| O|  |TAMS 0x00000000a4000000, 0x00000000a3f00000| Untracked 
|  50|0x00000000a4000000, 0x00000000a4100000, 0x00000000a4100000|100%| O|  |TAMS 0x00000000a4100000, 0x00000000a4000000| Untracked 
|  51|0x00000000a4100000, 0x00000000a4200000, 0x00000000a4200000|100%| O|  |TAMS 0x00000000a4200000, 0x00000000a4100000| Untracked 
|  52|0x00000000a4200000, 0x00000000a4300000, 0x00000000a4300000|100%| O|  |TAMS 0x00000000a4300000, 0x00000000a4200000| Untracked 
|  53|0x00000000a4300000, 0x00000000a4400000, 0x00000000a4400000|100%| O|  |TAMS 0x00000000a4400000, 0x00000000a4300000| Untracked 
|  54|0x00000000a4400000, 0x00000000a4500000, 0x00000000a4500000|100%| O|  |TAMS 0x00000000a4500000, 0x00000000a4400000| Untracked 
|  55|0x00000000a4500000, 0x00000000a4600000, 0x00000000a4600000|100%| O|  |TAMS 0x00000000a4600000, 0x00000000a4500000| Untracked 
|  56|0x00000000a4600000, 0x00000000a4700000, 0x00000000a4700000|100%| O|  |TAMS 0x00000000a4700000, 0x00000000a4600000| Untracked 
|  57|0x00000000a4700000, 0x00000000a4800000, 0x00000000a4800000|100%| O|  |TAMS 0x00000000a4800000, 0x00000000a4700000| Untracked 
|  58|0x00000000a4800000, 0x00000000a4900000, 0x00000000a4900000|100%| O|  |TAMS 0x00000000a4900000, 0x00000000a4800000| Untracked 
|  59|0x00000000a4900000, 0x00000000a4a00000, 0x00000000a4a00000|100%| O|  |TAMS 0x00000000a4a00000, 0x00000000a4900000| Untracked 
|  60|0x00000000a4a00000, 0x00000000a4b00000, 0x00000000a4b00000|100%| O|  |TAMS 0x00000000a4b00000, 0x00000000a4a00000| Untracked 
|  61|0x00000000a4b00000, 0x00000000a4c00000, 0x00000000a4c00000|100%| O|  |TAMS 0x00000000a4c00000, 0x00000000a4b00000| Untracked 
|  62|0x00000000a4c00000, 0x00000000a4d00000, 0x00000000a4d00000|100%| O|  |TAMS 0x00000000a4d00000, 0x00000000a4c00000| Untracked 
|  63|0x00000000a4d00000, 0x00000000a4e00000, 0x00000000a4e00000|100%| O|  |TAMS 0x00000000a4d9c200, 0x00000000a4d00000| Untracked 
|  64|0x00000000a4e00000, 0x00000000a4f00000, 0x00000000a4f00000|100%| O|  |TAMS 0x00000000a4e00000, 0x00000000a4e00000| Untracked 
|  65|0x00000000a4f00000, 0x00000000a5000000, 0x00000000a5000000|100%| O|  |TAMS 0x00000000a4f00000, 0x00000000a4f00000| Untracked 
|  66|0x00000000a5000000, 0x00000000a5100000, 0x00000000a5100000|100%| O|  |TAMS 0x00000000a5000000, 0x00000000a5000000| Untracked 
|  67|0x00000000a5100000, 0x00000000a5200000, 0x00000000a5200000|100%| O|  |TAMS 0x00000000a5100000, 0x00000000a5100000| Untracked 
|  68|0x00000000a5200000, 0x00000000a5300000, 0x00000000a5300000|100%| O|  |TAMS 0x00000000a5200000, 0x00000000a5200000| Untracked 
|  69|0x00000000a5300000, 0x00000000a5400000, 0x00000000a5400000|100%| O|  |TAMS 0x00000000a5300000, 0x00000000a5300000| Untracked 
|  70|0x00000000a5400000, 0x00000000a5500000, 0x00000000a5500000|100%| O|  |TAMS 0x00000000a5400000, 0x00000000a5400000| Untracked 
|  71|0x00000000a5500000, 0x00000000a55ffe00, 0x00000000a5600000| 99%| O|  |TAMS 0x00000000a5500000, 0x00000000a5500000| Untracked 
|  72|0x00000000a5600000, 0x00000000a5600000, 0x00000000a5700000|  0%| F|  |TAMS 0x00000000a5600000, 0x00000000a5600000| Untracked 
|  73|0x00000000a5700000, 0x00000000a5700000, 0x00000000a5800000|  0%| F|  |TAMS 0x00000000a5700000, 0x00000000a5700000| Untracked 
|  74|0x00000000a5800000, 0x00000000a5800000, 0x00000000a5900000|  0%| F|  |TAMS 0x00000000a5800000, 0x00000000a5800000| Untracked 
|  75|0x00000000a5900000, 0x00000000a5900000, 0x00000000a5a00000|  0%| F|  |TAMS 0x00000000a5900000, 0x00000000a5900000| Untracked 
|  76|0x00000000a5a00000, 0x00000000a5a00000, 0x00000000a5b00000|  0%| F|  |TAMS 0x00000000a5a00000, 0x00000000a5a00000| Untracked 
|  77|0x00000000a5b00000, 0x00000000a5b00000, 0x00000000a5c00000|  0%| F|  |TAMS 0x00000000a5b00000, 0x00000000a5b00000| Untracked 
|  78|0x00000000a5c00000, 0x00000000a5c00000, 0x00000000a5d00000|  0%| F|  |TAMS 0x00000000a5c00000, 0x00000000a5c00000| Untracked 
|  79|0x00000000a5d00000, 0x00000000a5d00000, 0x00000000a5e00000|  0%| F|  |TAMS 0x00000000a5d00000, 0x00000000a5d00000| Untracked 
|  80|0x00000000a5e00000, 0x00000000a5e00000, 0x00000000a5f00000|  0%| F|  |TAMS 0x00000000a5e00000, 0x00000000a5e00000| Untracked 
|  81|0x00000000a5f00000, 0x00000000a5f00000, 0x00000000a6000000|  0%| F|  |TAMS 0x00000000a5f00000, 0x00000000a5f00000| Untracked 
|  82|0x00000000a6000000, 0x00000000a6000000, 0x00000000a6100000|  0%| F|  |TAMS 0x00000000a6000000, 0x00000000a6000000| Untracked 
|  83|0x00000000a6100000, 0x00000000a6100000, 0x00000000a6200000|  0%| F|  |TAMS 0x00000000a6100000, 0x00000000a6100000| Untracked 
|  84|0x00000000a6200000, 0x00000000a6200000, 0x00000000a6300000|  0%| F|  |TAMS 0x00000000a6200000, 0x00000000a6200000| Untracked 
|  85|0x00000000a6300000, 0x00000000a6300000, 0x00000000a6400000|  0%| F|  |TAMS 0x00000000a6300000, 0x00000000a6300000| Untracked 
|  86|0x00000000a6400000, 0x00000000a6500000, 0x00000000a6500000|100%| S|CS|TAMS 0x00000000a6400000, 0x00000000a6400000| Complete 
|  87|0x00000000a6500000, 0x00000000a6500000, 0x00000000a6600000|  0%| F|  |TAMS 0x00000000a6500000, 0x00000000a6500000| Untracked 
|  88|0x00000000a6600000, 0x00000000a6600000, 0x00000000a6700000|  0%| F|  |TAMS 0x00000000a6600000, 0x00000000a6600000| Untracked 
|  89|0x00000000a6700000, 0x00000000a6800000, 0x00000000a6800000|100%| S|CS|TAMS 0x00000000a6700000, 0x00000000a6700000| Complete 
|  90|0x00000000a6800000, 0x00000000a6800000, 0x00000000a6900000|  0%| F|  |TAMS 0x00000000a6800000, 0x00000000a6800000| Untracked 
|  91|0x00000000a6900000, 0x00000000a6a00000, 0x00000000a6a00000|100%| S|CS|TAMS 0x00000000a6900000, 0x00000000a6900000| Complete 
|  92|0x00000000a6a00000, 0x00000000a6a00000, 0x00000000a6b00000|  0%| F|  |TAMS 0x00000000a6a00000, 0x00000000a6a00000| Untracked 
|  93|0x00000000a6b00000, 0x00000000a6b00000, 0x00000000a6c00000|  0%| F|  |TAMS 0x00000000a6b00000, 0x00000000a6b00000| Untracked 
|  94|0x00000000a6c00000, 0x00000000a6c00000, 0x00000000a6d00000|  0%| F|  |TAMS 0x00000000a6c00000, 0x00000000a6c00000| Untracked 
|  95|0x00000000a6d00000, 0x00000000a6d00000, 0x00000000a6e00000|  0%| F|  |TAMS 0x00000000a6d00000, 0x00000000a6d00000| Untracked 
|  96|0x00000000a6e00000, 0x00000000a6e00000, 0x00000000a6f00000|  0%| F|  |TAMS 0x00000000a6e00000, 0x00000000a6e00000| Untracked 
|  97|0x00000000a6f00000, 0x00000000a6f00000, 0x00000000a7000000|  0%| F|  |TAMS 0x00000000a6f00000, 0x00000000a6f00000| Untracked 
|  98|0x00000000a7000000, 0x00000000a7000000, 0x00000000a7100000|  0%| F|  |TAMS 0x00000000a7000000, 0x00000000a7000000| Untracked 
|  99|0x00000000a7100000, 0x00000000a7100000, 0x00000000a7200000|  0%| F|  |TAMS 0x00000000a7100000, 0x00000000a7100000| Untracked 
| 100|0x00000000a7200000, 0x00000000a7200000, 0x00000000a7300000|  0%| F|  |TAMS 0x00000000a7200000, 0x00000000a7200000| Untracked 
| 101|0x00000000a7300000, 0x00000000a7300000, 0x00000000a7400000|  0%| F|  |TAMS 0x00000000a7300000, 0x00000000a7300000| Untracked 
| 102|0x00000000a7400000, 0x00000000a7400000, 0x00000000a7500000|  0%| F|  |TAMS 0x00000000a7400000, 0x00000000a7400000| Untracked 
| 103|0x00000000a7500000, 0x00000000a7500000, 0x00000000a7600000|  0%| F|  |TAMS 0x00000000a7500000, 0x00000000a7500000| Untracked 
| 104|0x00000000a7600000, 0x00000000a7600000, 0x00000000a7700000|  0%| F|  |TAMS 0x00000000a7600000, 0x00000000a7600000| Untracked 
| 105|0x00000000a7700000, 0x00000000a7700000, 0x00000000a7800000|  0%| F|  |TAMS 0x00000000a7700000, 0x00000000a7700000| Untracked 
| 106|0x00000000a7800000, 0x00000000a7800000, 0x00000000a7900000|  0%| F|  |TAMS 0x00000000a7800000, 0x00000000a7800000| Untracked 
| 107|0x00000000a7900000, 0x00000000a7900000, 0x00000000a7a00000|  0%| F|  |TAMS 0x00000000a7900000, 0x00000000a7900000| Untracked 
| 108|0x00000000a7a00000, 0x00000000a7ae3d98, 0x00000000a7b00000| 89%| E|  |TAMS 0x00000000a7a00000, 0x00000000a7a00000| Complete 
| 109|0x00000000a7b00000, 0x00000000a7c00000, 0x00000000a7c00000|100%| E|CS|TAMS 0x00000000a7b00000, 0x00000000a7b00000| Complete 
| 110|0x00000000a7c00000, 0x00000000a7d00000, 0x00000000a7d00000|100%| E|CS|TAMS 0x00000000a7c00000, 0x00000000a7c00000| Complete 
| 111|0x00000000a7d00000, 0x00000000a7e00000, 0x00000000a7e00000|100%| E|CS|TAMS 0x00000000a7d00000, 0x00000000a7d00000| Complete 
| 112|0x00000000a7e00000, 0x00000000a7f00000, 0x00000000a7f00000|100%| E|CS|TAMS 0x00000000a7e00000, 0x00000000a7e00000| Complete 
| 113|0x00000000a7f00000, 0x00000000a8000000, 0x00000000a8000000|100%| E|CS|TAMS 0x00000000a7f00000, 0x00000000a7f00000| Complete 

Card table byte_map: [0x00000224a06c0000,0x00000224a09c0000] _byte_map_base: 0x00000224a01b9000

Marking Bits (Prev, Next): (CMBitMap*) 0x000002248755baf0, (CMBitMap*) 0x000002248755bab0
 Prev Bits: [0x00000224a2490000, 0x00000224a3c58000)
 Next Bits: [0x00000224a0cc0000, 0x00000224a2488000)

Polling page: 0x00000224875c0000

Metaspace:

Usage:
  Non-class:     72.48 MB used.
      Class:      8.48 MB used.
       Both:     80.96 MB used.

Virtual space:
  Non-class space:      128.00 MB reserved,      72.62 MB ( 57%) committed,  2 nodes.
      Class space:        1.00 GB reserved,       8.62 MB ( <1%) committed,  1 nodes.
             Both:        1.12 GB reserved,      81.25 MB (  7%) committed. 

Chunk freelists:
   Non-Class:  6.80 MB
       Class:  7.39 MB
        Both:  14.19 MB

MaxMetaspaceSize: unlimited
CompressedClassSpaceSize: 1.00 GB
Initial GC threshold: 21.00 MB
Current GC threshold: 98.38 MB
CDS: on
MetaspaceReclaimPolicy: balanced
 - commit_granule_bytes: 65536.
 - commit_granule_words: 8192.
 - virtual_space_node_default_size: 8388608.
 - enlarge_chunks_in_place: 1.
 - new_chunks_are_fully_committed: 0.
 - uncommit_free_chunks: 1.
 - use_allocation_guard: 0.
 - handle_deallocations: 1.


Internal statistics:

num_allocs_failed_limit: 6.
num_arena_births: 364.
num_arena_deaths: 0.
num_vsnodes_births: 3.
num_vsnodes_deaths: 0.
num_space_committed: 1298.
num_space_uncommitted: 0.
num_chunks_returned_to_freelist: 6.
num_chunks_taken_from_freelist: 3186.
num_chunk_merges: 6.
num_chunk_splits: 2683.
num_chunks_enlarged: 2475.
num_inconsistent_stats: 0.

CodeHeap 'non-profiled nmethods': size=120000Kb used=6923Kb max_used=6923Kb free=113076Kb
 bounds [0x0000022498420000, 0x0000022498af0000, 0x000002249f950000]
CodeHeap 'profiled nmethods': size=120000Kb used=49374Kb max_used=49452Kb free=70625Kb
 bounds [0x0000022490950000, 0x00000224939f0000, 0x0000022497e80000]
CodeHeap 'non-nmethods': size=5760Kb used=1466Kb max_used=1508Kb free=4293Kb
 bounds [0x0000022497e80000, 0x00000224980f0000, 0x0000022498420000]
 total_blobs=14746 nmethods=13946 adapters=707
 compilation: enabled
              stopped_count=0, restarted_count=0
 full_count=0

Compilation events (20 events):
Event: 78.094 Thread 0x00000224a66e5e60 17217       3       org.jetbrains.kotlin.codegen.inline.InlineCodegenUtilsKt::isBeforeInlineMarker (15 bytes)
Event: 78.095 Thread 0x00000224a66e5e60 nmethod 17217 0x0000022493364c90 code [0x0000022493364ea0, 0x0000022493365448]
Event: 78.095 Thread 0x00000224a66e5e60 17218       3       org.jetbrains.kotlin.codegen.inline.InlineCodegenUtilsKt::isAfterInlineMarker (15 bytes)
Event: 78.096 Thread 0x00000224a66e5e60 nmethod 17218 0x00000224934c5090 code [0x00000224934c52a0, 0x00000224934c5848]
Event: 78.096 Thread 0x00000224a66e5e60 17228       3       org.jetbrains.kotlin.codegen.inline.MaxStackFrameSizeAndLocalsCalculator$BasicBlock::<init> (24 bytes)
Event: 78.097 Thread 0x00000224a66e5e60 nmethod 17228 0x0000022493055210 code [0x00000224930553e0, 0x0000022493055778]
Event: 78.097 Thread 0x00000224a66e5e60 17227       3       org.jetbrains.kotlin.codegen.inline.InlineArgumentsInPlaceKt::isInplaceArgumentStartMarker (14 bytes)
Event: 78.098 Thread 0x00000224a66e5e60 nmethod 17227 0x0000022493606f90 code [0x00000224936071a0, 0x0000022493607748]
Event: 78.098 Thread 0x00000224a66e5e60 17225       1       org.jetbrains.kotlin.backend.jvm.codegen.ClassCodegen::getContext (5 bytes)
Event: 78.099 Thread 0x00000224a66e5e60 nmethod 17225 0x0000022498ae2110 code [0x0000022498ae22a0, 0x0000022498ae2378]
Event: 78.099 Thread 0x00000224a66e5e60 17226       1       org.jetbrains.kotlin.backend.jvm.codegen.ExpressionCodegen::getContext (5 bytes)
Event: 78.100 Thread 0x00000224a66e5e60 nmethod 17226 0x0000022498ae2410 code [0x0000022498ae25a0, 0x0000022498ae2678]
Event: 78.100 Thread 0x00000224a66e5e60 17229       1       org.jetbrains.kotlin.types.SimpleTypeImpl::isMarkedNullable (5 bytes)
Event: 78.100 Thread 0x00000224a66e5e60 nmethod 17229 0x0000022498ae2710 code [0x0000022498ae28a0, 0x0000022498ae2978]
Event: 78.111 Thread 0x00000224a66e5e60 17231       1       org.jetbrains.kotlin.codegen.optimization.common.InsnSequence::getFrom (5 bytes)
Event: 78.111 Thread 0x00000224a66e5e60 nmethod 17231 0x0000022498ae2a10 code [0x0000022498ae2ba0, 0x0000022498ae2c78]
Event: 78.112 Thread 0x00000224a66e5e60 17232       3       org.jetbrains.kotlin.codegen.inline.InlineArgumentsInPlaceKt::isInplaceCallStartMarker (13 bytes)
Event: 78.113 Thread 0x00000224a66e5e60 nmethod 17232 0x000002249315a610 code [0x000002249315a820, 0x000002249315adc8]
Event: 78.113 Thread 0x00000224a66e5e60 17233       3       org.jetbrains.kotlin.codegen.inline.InlineArgumentsInPlaceKt::isInplaceCallEndMarker (14 bytes)
Event: 78.113 Thread 0x00000224a66e5e60 nmethod 17233 0x0000022493159a10 code [0x0000022493159c20, 0x000002249315a1c8]

GC Heap History (20 events):
Event: 49.394 GC heap before
{Heap before GC invocations=22 (full 0):
 garbage-first heap   total 116736K, used 95528K [0x00000000a0e00000, 0x0000000100000000)
  region size 1024K, 34 young (34816K), 2 survivors (2048K)
 Metaspace       used 58993K, committed 59328K, reserved 1114112K
  class space    used 6705K, committed 6848K, reserved 1048576K
}
Event: 49.410 GC heap after
{Heap after GC invocations=23 (full 0):
 garbage-first heap   total 116736K, used 64892K [0x00000000a0e00000, 0x0000000100000000)
  region size 1024K, 4 young (4096K), 4 survivors (4096K)
 Metaspace       used 58993K, committed 59328K, reserved 1114112K
  class space    used 6705K, committed 6848K, reserved 1048576K
}
Event: 49.728 GC heap before
{Heap before GC invocations=23 (full 0):
 garbage-first heap   total 116736K, used 65916K [0x00000000a0e00000, 0x0000000100000000)
  region size 1024K, 5 young (5120K), 4 survivors (4096K)
 Metaspace       used 59131K, committed 59456K, reserved 1114112K
  class space    used 6723K, committed 6848K, reserved 1048576K
}
Event: 49.748 GC heap after
{Heap after GC invocations=24 (full 0):
 garbage-first heap   total 116736K, used 64754K [0x00000000a0e00000, 0x0000000100000000)
  region size 1024K, 1 young (1024K), 1 survivors (1024K)
 Metaspace       used 59131K, committed 59456K, reserved 1114112K
  class space    used 6723K, committed 6848K, reserved 1048576K
}
Event: 58.345 GC heap before
{Heap before GC invocations=24 (full 0):
 garbage-first heap   total 116736K, used 95474K [0x00000000a0e00000, 0x0000000100000000)
  region size 1024K, 31 young (31744K), 1 survivors (1024K)
 Metaspace       used 60090K, committed 60416K, reserved 1114112K
  class space    used 6724K, committed 6848K, reserved 1048576K
}
Event: 58.354 GC heap after
{Heap after GC invocations=25 (full 0):
 garbage-first heap   total 116736K, used 64455K [0x00000000a0e00000, 0x0000000100000000)
  region size 1024K, 1 young (1024K), 1 survivors (1024K)
 Metaspace       used 60090K, committed 60416K, reserved 1114112K
  class space    used 6724K, committed 6848K, reserved 1048576K
}
Event: 62.770 GC heap before
{Heap before GC invocations=26 (full 0):
 garbage-first heap   total 116736K, used 97223K [0x00000000a0e00000, 0x0000000100000000)
  region size 1024K, 33 young (33792K), 1 survivors (1024K)
 Metaspace       used 63365K, committed 63680K, reserved 1114112K
  class space    used 7014K, committed 7168K, reserved 1048576K
}
Event: 62.784 GC heap after
{Heap after GC invocations=27 (full 0):
 garbage-first heap   total 116736K, used 66197K [0x00000000a0e00000, 0x0000000100000000)
  region size 1024K, 3 young (3072K), 3 survivors (3072K)
 Metaspace       used 63365K, committed 63680K, reserved 1114112K
  class space    used 7014K, committed 7168K, reserved 1048576K
}
Event: 62.890 GC heap before
{Heap before GC invocations=27 (full 0):
 garbage-first heap   total 116736K, used 67221K [0x00000000a0e00000, 0x0000000100000000)
  region size 1024K, 5 young (5120K), 3 survivors (3072K)
 Metaspace       used 63860K, committed 64128K, reserved 1114112K
  class space    used 7041K, committed 7168K, reserved 1048576K
}
Event: 62.903 GC heap after
{Heap after GC invocations=28 (full 0):
 garbage-first heap   total 116736K, used 65992K [0x00000000a0e00000, 0x0000000100000000)
  region size 1024K, 1 young (1024K), 1 survivors (1024K)
 Metaspace       used 63860K, committed 64128K, reserved 1114112K
  class space    used 7041K, committed 7168K, reserved 1048576K
}
Event: 66.040 GC heap before
{Heap before GC invocations=28 (full 0):
 garbage-first heap   total 116736K, used 96712K [0x00000000a0e00000, 0x0000000100000000)
  region size 1024K, 31 young (31744K), 1 survivors (1024K)
 Metaspace       used 67058K, committed 67392K, reserved 1114112K
  class space    used 7323K, committed 7488K, reserved 1048576K
}
Event: 66.060 GC heap after
{Heap after GC invocations=29 (full 0):
 garbage-first heap   total 116736K, used 70560K [0x00000000a0e00000, 0x0000000100000000)
  region size 1024K, 4 young (4096K), 4 survivors (4096K)
 Metaspace       used 67058K, committed 67392K, reserved 1114112K
  class space    used 7323K, committed 7488K, reserved 1048576K
}
Event: 67.726 GC heap before
{Heap before GC invocations=29 (full 0):
 garbage-first heap   total 116736K, used 95136K [0x00000000a0e00000, 0x0000000100000000)
  region size 1024K, 29 young (29696K), 4 survivors (4096K)
 Metaspace       used 70723K, committed 71040K, reserved 1114112K
  class space    used 7655K, committed 7808K, reserved 1048576K
}
Event: 67.751 GC heap after
{Heap after GC invocations=30 (full 0):
 garbage-first heap   total 116736K, used 72544K [0x00000000a0e00000, 0x0000000100000000)
  region size 1024K, 2 young (2048K), 2 survivors (2048K)
 Metaspace       used 70723K, committed 71040K, reserved 1114112K
  class space    used 7655K, committed 7808K, reserved 1048576K
}
Event: 70.873 GC heap before
{Heap before GC invocations=30 (full 0):
 garbage-first heap   total 116736K, used 97120K [0x00000000a0e00000, 0x0000000100000000)
  region size 1024K, 26 young (26624K), 2 survivors (2048K)
 Metaspace       used 74041K, committed 74368K, reserved 1179648K
  class space    used 7936K, committed 8064K, reserved 1048576K
}
Event: 70.886 GC heap after
{Heap after GC invocations=31 (full 0):
 garbage-first heap   total 116736K, used 73850K [0x00000000a0e00000, 0x0000000100000000)
  region size 1024K, 4 young (4096K), 4 survivors (4096K)
 Metaspace       used 74041K, committed 74368K, reserved 1179648K
  class space    used 7936K, committed 8064K, reserved 1048576K
}
Event: 74.222 GC heap before
{Heap before GC invocations=31 (full 0):
 garbage-first heap   total 116736K, used 96378K [0x00000000a0e00000, 0x0000000100000000)
  region size 1024K, 27 young (27648K), 4 survivors (4096K)
 Metaspace       used 76997K, committed 77376K, reserved 1179648K
  class space    used 8180K, committed 8320K, reserved 1048576K
}
Event: 74.252 GC heap after
{Heap after GC invocations=32 (full 0):
 garbage-first heap   total 116736K, used 75239K [0x00000000a0e00000, 0x0000000100000000)
  region size 1024K, 3 young (3072K), 3 survivors (3072K)
 Metaspace       used 76997K, committed 77376K, reserved 1179648K
  class space    used 8180K, committed 8320K, reserved 1048576K
}
Event: 77.543 GC heap before
{Heap before GC invocations=32 (full 0):
 garbage-first heap   total 116736K, used 96743K [0x00000000a0e00000, 0x0000000100000000)
  region size 1024K, 25 young (25600K), 3 survivors (3072K)
 Metaspace       used 81500K, committed 81856K, reserved 1179648K
  class space    used 8540K, committed 8704K, reserved 1048576K
}
Event: 77.566 GC heap after
{Heap after GC invocations=33 (full 0):
 garbage-first heap   total 116736K, used 76799K [0x00000000a0e00000, 0x0000000100000000)
  region size 1024K, 3 young (3072K), 3 survivors (3072K)
 Metaspace       used 81500K, committed 81856K, reserved 1179648K
  class space    used 8540K, committed 8704K, reserved 1048576K
}

Dll operation events (7 events):
Event: 0.057 Loaded shared library E:\Java\17\bin\java.dll
Event: 0.233 Loaded shared library E:\Java\17\bin\jsvml.dll
Event: 0.497 Loaded shared library E:\Java\17\bin\net.dll
Event: 0.523 Loaded shared library E:\Java\17\bin\nio.dll
Event: 0.616 Loaded shared library E:\Java\17\bin\zip.dll
Event: 0.774 Loaded shared library E:\Java\17\bin\jimage.dll
Event: 7.726 Loaded shared library E:\Java\17\bin\verify.dll

Deoptimization events (20 events):
Event: 77.830 Thread 0x000002248750f210 Uncommon trap: trap_request=0xffffff66 fr.pc=0x0000022498adfd74 relative=0x0000000000000494
Event: 77.831 Thread 0x000002248750f210 Uncommon trap: reason=speculate_class_check action=maybe_recompile pc=0x0000022498adfd74 method=org.jetbrains.kotlin.fir.declarations.FirDeclarationDataRegistry$DeclarationDataAccessor.getValue(Lorg/jetbrains/kotlin/fir/declarations/FirDeclaration;Lkotlin
Event: 77.831 Thread 0x000002248750f210 DEOPT PACKING pc=0x0000022498adfd74 sp=0x0000007397ffc6f0
Event: 77.831 Thread 0x000002248750f210 DEOPT UNPACKING pc=0x0000022497ed69a3 sp=0x0000007397ffc568 mode 2
Event: 77.831 Thread 0x000002248750f210 Uncommon trap: trap_request=0xffffff66 fr.pc=0x0000022498adfd74 relative=0x0000000000000494
Event: 77.831 Thread 0x000002248750f210 Uncommon trap: reason=speculate_class_check action=maybe_recompile pc=0x0000022498adfd74 method=org.jetbrains.kotlin.fir.declarations.FirDeclarationDataRegistry$DeclarationDataAccessor.getValue(Lorg/jetbrains/kotlin/fir/declarations/FirDeclaration;Lkotlin
Event: 77.831 Thread 0x000002248750f210 DEOPT PACKING pc=0x0000022498adfd74 sp=0x0000007397ffcfb0
Event: 77.831 Thread 0x000002248750f210 DEOPT UNPACKING pc=0x0000022497ed69a3 sp=0x0000007397ffce28 mode 2
Event: 77.831 Thread 0x000002248750f210 Uncommon trap: trap_request=0xffffff66 fr.pc=0x0000022498adfd74 relative=0x0000000000000494
Event: 77.831 Thread 0x000002248750f210 Uncommon trap: reason=speculate_class_check action=maybe_recompile pc=0x0000022498adfd74 method=org.jetbrains.kotlin.fir.declarations.FirDeclarationDataRegistry$DeclarationDataAccessor.getValue(Lorg/jetbrains/kotlin/fir/declarations/FirDeclaration;Lkotlin
Event: 77.831 Thread 0x000002248750f210 DEOPT PACKING pc=0x0000022498adfd74 sp=0x0000007397ffcfb0
Event: 77.831 Thread 0x000002248750f210 DEOPT UNPACKING pc=0x0000022497ed69a3 sp=0x0000007397ffce28 mode 2
Event: 78.107 Thread 0x000002248750f210 Uncommon trap: trap_request=0xffffffc6 fr.pc=0x00000224986c4e98 relative=0x0000000000000278
Event: 78.107 Thread 0x000002248750f210 Uncommon trap: reason=bimorphic_or_optimized_type_check action=maybe_recompile pc=0x00000224986c4e98 method=java.util.AbstractList.subList(II)Ljava/util/List; @ 3 c2
Event: 78.107 Thread 0x000002248750f210 DEOPT PACKING pc=0x00000224986c4e98 sp=0x0000007397ffd0e0
Event: 78.107 Thread 0x000002248750f210 DEOPT UNPACKING pc=0x0000022497ed69a3 sp=0x0000007397ffd080 mode 2
Event: 78.107 Thread 0x000002248750f210 Uncommon trap: trap_request=0xffffffc6 fr.pc=0x00000224986c4e98 relative=0x0000000000000278
Event: 78.107 Thread 0x000002248750f210 Uncommon trap: reason=bimorphic_or_optimized_type_check action=maybe_recompile pc=0x00000224986c4e98 method=java.util.AbstractList.subList(II)Ljava/util/List; @ 3 c2
Event: 78.107 Thread 0x000002248750f210 DEOPT PACKING pc=0x00000224986c4e98 sp=0x0000007397ffd0e0
Event: 78.107 Thread 0x000002248750f210 DEOPT UNPACKING pc=0x0000022497ed69a3 sp=0x0000007397ffd080 mode 2

Classes loaded (20 events):
Event: 71.941 Loading class java/lang/constant/DirectMethodHandleDesc$1
Event: 71.941 Loading class java/lang/constant/DirectMethodHandleDesc$1 done
Event: 71.942 Loading class java/lang/constant/PrimitiveClassDescImpl
Event: 71.942 Loading class java/lang/constant/DynamicConstantDesc
Event: 71.945 Loading class java/lang/constant/DynamicConstantDesc done
Event: 71.945 Loading class java/lang/constant/PrimitiveClassDescImpl done
Event: 71.945 Loading class java/lang/constant/DynamicConstantDesc$AnonymousDynamicConstantDesc
Event: 71.958 Loading class java/lang/constant/DynamicConstantDesc$AnonymousDynamicConstantDesc done
Event: 71.959 Loading class java/util/Base64
Event: 71.975 Loading class java/util/Base64 done
Event: 71.976 Loading class java/util/Base64$Encoder
Event: 71.994 Loading class java/util/Base64$Encoder done
Event: 75.809 Loading class java/lang/TypeNotPresentException
Event: 76.086 Loading class java/lang/TypeNotPresentException done
Event: 76.665 Loading class java/util/Vector$Itr
Event: 76.693 Loading class java/util/Vector$Itr done
Event: 76.733 Loading class java/util/ArrayList$SubList$1
Event: 76.742 Loading class java/util/ArrayList$SubList$1 done
Event: 76.833 Loading class java/util/Formatter$FixedString
Event: 76.856 Loading class java/util/Formatter$FixedString done

Classes unloaded (0 events):
No events

Classes redefined (0 events):
No events

Internal exceptions (20 events):
Event: 62.321 Thread 0x000002248750f210 Implicit null exception at 0x000002249845a0f4 to 0x000002249845a7ec
Event: 62.471 Thread 0x000002248750f210 Exception <a 'java/lang/NoSuchMethodError'{0x00000000a6490ff8}: 'java.lang.Object java.lang.invoke.DirectMethodHandle$Holder.invokeStatic(java.lang.Object, java.lang.Object, int)'> (0x00000000a6490ff8) 
thrown [s\src\hotspot\share\interpreter\linkResolver.cpp, line 759]
Event: 63.347 Thread 0x000002248750f210 Exception <a 'java/lang/NoSuchMethodError'{0x00000000a7a75a50}: 'java.lang.Object java.lang.invoke.DirectMethodHandle$Holder.newInvokeSpecial(java.lang.Object, java.lang.Object, java.lang.Object, java.lang.Object, java.lang.Object, java.lang.Object, java.lang.Object, java.lang.Object, int)'> (0x00000000a7a75a50) 
thrown [s\src\hotspot\share\interpreter\linkResolver.cpp, line 759]
Event: 63.348 Thread 0x000002248750f210 Exception <a 'java/lang/NoSuchMethodError'{0x00000000a7a7b218}: 'java.lang.Object java.lang.invoke.DirectMethodHandle$Holder.invokeSpecial(java.lang.Object, java.lang.Object, java.lang.Object, java.lang.Object, java.lang.Object, java.lang.Object, java.lang.Object, java.lang.Object, java.lang.Object, int)'> (0x00000000a7a7b218) 
thrown [s\src\hotspot\share\interpreter\linkResolver.cpp, line 759]
Event: 63.508 Thread 0x000002248750f210 Exception <a 'java/lang/NoSuchMethodError'{0x00000000a784b178}: 'java.lang.Object java.lang.invoke.DirectMethodHandle$Holder.invokeStatic(java.lang.Object, java.lang.Object, java.lang.Object, int, int)'> (0x00000000a784b178) 
thrown [s\src\hotspot\share\interpreter\linkResolver.cpp, line 759]
Event: 63.618 Thread 0x000002248750f210 Exception <a 'java/lang/NoSuchMethodError'{0x00000000a7714c20}: 'java.lang.Object java.lang.invoke.DirectMethodHandle$Holder.newInvokeSpecial(java.lang.Object, java.lang.Object, java.lang.Object, java.lang.Object, java.lang.Object, java.lang.Object, java.lang.Object, int)'> (0x00000000a7714c20) 
thrown [s\src\hotspot\share\interpreter\linkResolver.cpp, line 759]
Event: 63.619 Thread 0x000002248750f210 Exception <a 'java/lang/NoSuchMethodError'{0x00000000a7719ce0}: 'java.lang.Object java.lang.invoke.DirectMethodHandle$Holder.invokeSpecial(java.lang.Object, java.lang.Object, java.lang.Object, java.lang.Object, java.lang.Object, java.lang.Object, java.lang.Object, java.lang.Object, int)'> (0x00000000a7719ce0) 
thrown [s\src\hotspot\share\interpreter\linkResolver.cpp, line 759]
Event: 67.685 Thread 0x000002248750f210 Exception <a 'java/lang/NoSuchMethodError'{0x00000000a674db98}: 'java.lang.Object java.lang.invoke.DirectMethodHandle$Holder.newInvokeSpecial(java.lang.Object, int, java.lang.Object, int)'> (0x00000000a674db98) 
thrown [s\src\hotspot\share\interpreter\linkResolver.cpp, line 759]
Event: 67.686 Thread 0x000002248750f210 Exception <a 'java/lang/NoSuchMethodError'{0x00000000a6751b18}: 'java.lang.Object java.lang.invoke.DirectMethodHandle$Holder.invokeSpecial(java.lang.Object, java.lang.Object, int, java.lang.Object, int)'> (0x00000000a6751b18) 
thrown [s\src\hotspot\share\interpreter\linkResolver.cpp, line 759]
Event: 71.127 Thread 0x000002248750f210 Exception <a 'java/lang/NoSuchMethodError'{0x00000000a7b04970}: 'java.lang.Object java.lang.invoke.DirectMethodHandle$Holder.invokeStatic(java.lang.Object, java.lang.Object, java.lang.Object, java.lang.Object, int, java.lang.Object)'> (0x00000000a7b04970) 
thrown [s\src\hotspot\share\interpreter\linkResolver.cpp, line 759]
Event: 73.022 Thread 0x000002248750f210 Implicit null exception at 0x0000022498a60fd2 to 0x0000022498a61079
Event: 73.486 Thread 0x000002248750f210 Exception <a 'java/lang/NoSuchMethodError'{0x00000000a6f9e6a0}: 'java.lang.Object java.lang.invoke.DirectMethodHandle$Holder.invokeStatic(java.lang.Object, java.lang.Object, int, java.lang.Object)'> (0x00000000a6f9e6a0) 
thrown [s\src\hotspot\share\interpreter\linkResolver.cpp, line 759]
Event: 76.478 Thread 0x000002248750f210 Exception <a 'java/lang/NoSuchMethodError'{0x00000000a71c4dd0}: 'java.lang.Object java.lang.invoke.DirectMethodHandle$Holder.invokeStatic(java.lang.Object, int, int)'> (0x00000000a71c4dd0) 
thrown [s\src\hotspot\share\interpreter\linkResolver.cpp, line 759]
Event: 76.703 Thread 0x000002248750f210 Exception <a 'java/lang/NoSuchMethodError'{0x00000000a6e0aa88}: 'java.lang.Object java.lang.invoke.DirectMethodHandle$Holder.invokeStatic(java.lang.Object, java.lang.Object, int, int)'> (0x00000000a6e0aa88) 
thrown [s\src\hotspot\share\interpreter\linkResolver.cpp, line 759]
Event: 77.163 Thread 0x000002248750f210 Exception <a 'java/lang/NoSuchMethodError'{0x00000000a6ce70e0}: 'java.lang.Object java.lang.invoke.DirectMethodHandle$Holder.invokeStatic(java.lang.Object, java.lang.Object, java.lang.Object, java.lang.Object, java.lang.Object, int, java.lang.Object, java.lang.Object)'> (0x00000000a6ce70e0) 
thrown [s\src\hotspot\share\interpreter\linkResolver.cpp, line 759]
Event: 77.172 Thread 0x000002248750f210 Exception <a 'java/lang/NoSuchMethodError'{0x00000000a6cf5ec8}: 'java.lang.Object java.lang.invoke.DirectMethodHandle$Holder.invokeSpecial(java.lang.Object, java.lang.Object, java.lang.Object, java.lang.Object, java.lang.Object, java.lang.Object, int, java.lang.Object)'> (0x00000000a6cf5ec8) 
thrown [s\src\hotspot\share\interpreter\linkResolver.cpp, line 759]
Event: 77.173 Thread 0x000002248750f210 Exception <a 'java/lang/NoSuchMethodError'{0x00000000a6cfa4a8}: 'java.lang.Object java.lang.invoke.Invokers$Holder.linkToTargetMethod(java.lang.Object, java.lang.Object, java.lang.Object, java.lang.Object, int, java.lang.Object, java.lang.Object)'> (0x00000000a6cfa4a8) 
thrown [s\src\hotspot\share\interpreter\linkResolver.cpp, line 759]
Event: 77.674 Thread 0x000002248750f210 Exception <a 'java/lang/NoSuchMethodError'{0x00000000a7e0e300}: 'java.lang.Object java.lang.invoke.DirectMethodHandle$Holder.newInvokeSpecial(java.lang.Object, java.lang.Object, java.lang.Object, java.lang.Object, int, java.lang.Object)'> (0x00000000a7e0e300) 
thrown [s\src\hotspot\share\interpreter\linkResolver.cpp, line 759]
Event: 77.689 Thread 0x000002248750f210 Exception <a 'java/lang/NoSuchMethodError'{0x00000000a7e12838}: 'java.lang.Object java.lang.invoke.DirectMethodHandle$Holder.invokeSpecial(java.lang.Object, java.lang.Object, java.lang.Object, java.lang.Object, java.lang.Object, int, java.lang.Object)'> (0x00000000a7e12838) 
thrown [s\src\hotspot\share\interpreter\linkResolver.cpp, line 759]
Event: 77.690 Thread 0x000002248750f210 Exception <a 'java/lang/NoSuchMethodError'{0x00000000a7e16670}: 'java.lang.Object java.lang.invoke.Invokers$Holder.linkToTargetMethod(java.lang.Object, java.lang.Object, java.lang.Object, int, java.lang.Object, java.lang.Object)'> (0x00000000a7e16670) 
thrown [s\src\hotspot\share\interpreter\linkResolver.cpp, line 759]

VM Operations (20 events):
Event: 75.787 Executing VM operation: HandshakeAllThreads
Event: 75.787 Executing VM operation: HandshakeAllThreads done
Event: 76.095 Executing VM operation: HandshakeAllThreads
Event: 76.095 Executing VM operation: HandshakeAllThreads done
Event: 76.113 Executing VM operation: HandshakeAllThreads
Event: 76.113 Executing VM operation: HandshakeAllThreads done
Event: 76.511 Executing VM operation: HandshakeAllThreads
Event: 76.511 Executing VM operation: HandshakeAllThreads done
Event: 76.963 Executing VM operation: HandshakeAllThreads
Event: 76.963 Executing VM operation: HandshakeAllThreads done
Event: 76.963 Executing VM operation: Cleanup
Event: 76.963 Executing VM operation: Cleanup done
Event: 77.152 Executing VM operation: HandshakeAllThreads
Event: 77.152 Executing VM operation: HandshakeAllThreads done
Event: 77.534 Executing VM operation: HandshakeAllThreads
Event: 77.534 Executing VM operation: HandshakeAllThreads done
Event: 77.543 Executing VM operation: G1CollectForAllocation
Event: 77.567 Executing VM operation: G1CollectForAllocation done
Event: 77.798 Executing VM operation: HandshakeAllThreads
Event: 77.798 Executing VM operation: HandshakeAllThreads done

Memory protections (0 events):
No events

Nmethod flushes (20 events):
Event: 75.608 Thread 0x00000224a66e8780 flushing  nmethod 0x00000224934f7190
Event: 75.608 Thread 0x00000224a66e8780 flushing  nmethod 0x00000224934f9310
Event: 75.608 Thread 0x00000224a66e8780 flushing  nmethod 0x00000224934f9e10
Event: 75.608 Thread 0x00000224a66e8780 flushing  nmethod 0x00000224934fa690
Event: 75.608 Thread 0x00000224a66e8780 flushing  nmethod 0x00000224934fb110
Event: 75.608 Thread 0x00000224a66e8780 flushing  nmethod 0x00000224934fed90
Event: 75.608 Thread 0x00000224a66e8780 flushing  nmethod 0x0000022493504790
Event: 75.608 Thread 0x00000224a66e8780 flushing  nmethod 0x000002249350a990
Event: 75.609 Thread 0x00000224a66e8780 flushing  nmethod 0x0000022493510810
Event: 75.609 Thread 0x00000224a66e8780 flushing  nmethod 0x0000022493528810
Event: 75.610 Thread 0x00000224a66e8780 flushing  nmethod 0x0000022493602410
Event: 75.610 Thread 0x00000224a66e8780 flushing  nmethod 0x0000022493606f90
Event: 75.611 Thread 0x00000224a66e8780 flushing  nmethod 0x0000022493652690
Event: 75.611 Thread 0x00000224a66e8780 flushing  nmethod 0x000002249367cd90
Event: 75.611 Thread 0x00000224a66e8780 flushing  nmethod 0x000002249367e710
Event: 75.611 Thread 0x00000224a66e8780 flushing  nmethod 0x0000022493681410
Event: 75.611 Thread 0x00000224a66e8780 flushing  nmethod 0x000002249369a590
Event: 75.612 Thread 0x00000224a66e8780 flushing  nmethod 0x000002249373a090
Event: 75.612 Thread 0x00000224a66e8780 flushing  nmethod 0x000002249373ab90
Event: 75.612 Thread 0x00000224a66e8780 flushing  nmethod 0x000002249375fb90

Events (18 events):
Event: 0.234 Thread 0x000002248750f210 Thread added: 0x000002248750f210
Event: 0.257 Thread 0x000002248750f210 Thread added: 0x00000224a66c7f40
Event: 0.257 Thread 0x000002248750f210 Thread added: 0x00000224a66c8cd0
Event: 0.308 Thread 0x000002248750f210 Thread added: 0x00000224a66dfc60
Event: 0.308 Thread 0x000002248750f210 Thread added: 0x00000224a66e3650
Event: 0.309 Thread 0x000002248750f210 Thread added: 0x00000224a66e3f20
Event: 0.309 Thread 0x000002248750f210 Thread added: 0x00000224a66e47f0
Event: 0.309 Thread 0x000002248750f210 Thread added: 0x00000224a66e54a0
Event: 0.309 Thread 0x000002248750f210 Thread added: 0x00000224a66e5e60
Event: 0.310 Thread 0x000002248750f210 Thread added: 0x00000224a66e8780
Event: 0.417 Thread 0x000002248750f210 Thread added: 0x00000224a682aad0
Event: 0.439 Thread 0x000002248750f210 Thread added: 0x00000224a68346a0
Event: 44.452 Thread 0x00000224a66e54a0 Thread added: 0x00000224ecf63630
Event: 44.976 Thread 0x00000224ecf63630 Thread exited: 0x00000224ecf63630
Event: 52.295 Thread 0x00000224a66e5e60 Thread added: 0x00000224f109f560
Event: 55.418 Thread 0x00000224f109f560 Thread exited: 0x00000224f109f560
Event: 55.608 Thread 0x00000224a66e54a0 Thread added: 0x00000224f109e020
Event: 57.673 Thread 0x00000224f109e020 Thread exited: 0x00000224f109e020


Dynamic libraries:
0x00007ff666110000 - 0x00007ff66611e000 	E:\Java\17\bin\java.exe
0x00007ff8bacb0000 - 0x00007ff8baec7000 	C:\WINDOWS\SYSTEM32\ntdll.dll
0x00007ff8b9850000 - 0x00007ff8b9914000 	C:\WINDOWS\System32\KERNEL32.DLL
0x00007ff8b8080000 - 0x00007ff8b8453000 	C:\WINDOWS\System32\KERNELBASE.dll
0x00007ff8b7e60000 - 0x00007ff8b7f71000 	C:\WINDOWS\System32\ucrtbase.dll
0x00007ff8b2360000 - 0x00007ff8b2377000 	E:\Java\17\bin\jli.dll
0x00007ff8b2340000 - 0x00007ff8b235d000 	E:\Java\17\bin\VCRUNTIME140.dll
0x00007ff8b9df0000 - 0x00007ff8b9fa1000 	C:\WINDOWS\System32\USER32.dll
0x00007ff8b8660000 - 0x00007ff8b8686000 	C:\WINDOWS\System32\win32u.dll
0x00007ff8ba2b0000 - 0x00007ff8ba2d9000 	C:\WINDOWS\System32\GDI32.dll
0x00007ff8b8530000 - 0x00007ff8b8652000 	C:\WINDOWS\System32\gdi32full.dll
0x00007ff8b8490000 - 0x00007ff8b852a000 	C:\WINDOWS\System32\msvcp_win.dll
0x00007ff8a86f0000 - 0x00007ff8a898b000 	C:\WINDOWS\WinSxS\amd64_microsoft.windows.common-controls_6595b64144ccf1df_6.0.22621.5262_none_2712bde373830908\COMCTL32.dll
0x00007ff8b9fb0000 - 0x00007ff8ba057000 	C:\WINDOWS\System32\msvcrt.dll
0x00007ff8ba1c0000 - 0x00007ff8ba1f1000 	C:\WINDOWS\System32\IMM32.DLL
0x00007ff8b3d70000 - 0x00007ff8b3d7c000 	E:\Java\17\bin\vcruntime140_1.dll
0x00007ff8921a0000 - 0x00007ff89222d000 	E:\Java\17\bin\msvcp140.dll
0x00007ff85ee50000 - 0x00007ff85fac2000 	E:\Java\17\bin\server\jvm.dll
0x00007ff8b8ab0000 - 0x00007ff8b8b61000 	C:\WINDOWS\System32\ADVAPI32.dll
0x00007ff8b99a0000 - 0x00007ff8b9a47000 	C:\WINDOWS\System32\sechost.dll
0x00007ff8b8460000 - 0x00007ff8b8488000 	C:\WINDOWS\System32\bcrypt.dll
0x00007ff8b9570000 - 0x00007ff8b9684000 	C:\WINDOWS\System32\RPCRT4.dll
0x00007ff8b9920000 - 0x00007ff8b9991000 	C:\WINDOWS\System32\WS2_32.dll
0x00007ff8b7ac0000 - 0x00007ff8b7b0d000 	C:\WINDOWS\SYSTEM32\POWRPROF.dll
0x00007ff8b2c00000 - 0x00007ff8b2c34000 	C:\WINDOWS\SYSTEM32\WINMM.dll
0x00007ff8afd50000 - 0x00007ff8afd5a000 	C:\WINDOWS\SYSTEM32\VERSION.dll
0x00007ff8b7aa0000 - 0x00007ff8b7ab3000 	C:\WINDOWS\SYSTEM32\UMPDC.dll
0x00007ff8b6db0000 - 0x00007ff8b6dc8000 	C:\WINDOWS\SYSTEM32\kernel.appcore.dll
0x00007ff8b3b10000 - 0x00007ff8b3b1a000 	E:\Java\17\bin\jimage.dll
0x00007ff8a1510000 - 0x00007ff8a1742000 	C:\WINDOWS\SYSTEM32\DBGHELP.DLL
0x00007ff8b9a50000 - 0x00007ff8b9de3000 	C:\WINDOWS\System32\combase.dll
0x00007ff8b92b0000 - 0x00007ff8b9387000 	C:\WINDOWS\System32\OLEAUT32.dll
0x00007ff89f810000 - 0x00007ff89f842000 	C:\WINDOWS\SYSTEM32\dbgcore.DLL
0x00007ff8b7f80000 - 0x00007ff8b7ffb000 	C:\WINDOWS\System32\bcryptPrimitives.dll
0x00007ff8b0250000 - 0x00007ff8b0275000 	E:\Java\17\bin\java.dll
0x00007ff87e3e0000 - 0x00007ff87e4b6000 	E:\Java\17\bin\jsvml.dll
0x00007ff8ba2e0000 - 0x00007ff8bab7d000 	C:\WINDOWS\System32\SHELL32.dll
0x00007ff8b8800000 - 0x00007ff8b893f000 	C:\WINDOWS\System32\wintypes.dll
0x00007ff8b5c90000 - 0x00007ff8b65ad000 	C:\WINDOWS\SYSTEM32\windows.storage.dll
0x00007ff8b9740000 - 0x00007ff8b984b000 	C:\WINDOWS\System32\SHCORE.dll
0x00007ff8b96d0000 - 0x00007ff8b9736000 	C:\WINDOWS\System32\shlwapi.dll
0x00007ff8b7cd0000 - 0x00007ff8b7cfb000 	C:\WINDOWS\SYSTEM32\profapi.dll
0x00007ff8a65b0000 - 0x00007ff8a65ca000 	E:\Java\17\bin\net.dll
0x00007ff8b2910000 - 0x00007ff8b2a3c000 	C:\WINDOWS\SYSTEM32\WINHTTP.dll
0x00007ff8b7240000 - 0x00007ff8b72aa000 	C:\WINDOWS\system32\mswsock.dll
0x00007ff8a5d80000 - 0x00007ff8a5d96000 	E:\Java\17\bin\nio.dll
0x00007ff8a5d60000 - 0x00007ff8a5d78000 	E:\Java\17\bin\zip.dll
0x00007ff8b3820000 - 0x00007ff8b3830000 	E:\Java\17\bin\verify.dll

dbghelp: loaded successfully - version: 4.0.5 - missing functions: none
symbol engine: initialized successfully - sym options: 0x614 - pdb path: .;E:\Java\17\bin;C:\WINDOWS\SYSTEM32;C:\WINDOWS\WinSxS\amd64_microsoft.windows.common-controls_6595b64144ccf1df_6.0.22621.5262_none_2712bde373830908;E:\Java\17\bin\server

VM Arguments:
java_command: org.jetbrains.kotlin.cli.jvm.K2JVMCompiler @E:\UPC-Trabajo fuerte\AgileEzGym\MobileApp\build\camera_android_camerax\20250702_5221423775620199495.compiler.options
java_class_path (initial): C:\Users\ANTHONY\.gradle\caches\modules-2\files-2.1\org.jetbrains.kotlin\kotlin-compiler-embeddable\2.1.0\988bf980588bbbcfa1ba19c1ffd7aa869b335a31\kotlin-compiler-embeddable-2.1.0.jar;C:\Users\ANTHONY\.gradle\caches\modules-2\files-2.1\org.jetbrains.kotlin\kotlin-stdlib\2.1.0\85f8b81009cda5890e54ba67d64b5e599c645020\kotlin-stdlib-2.1.0.jar;C:\Users\ANTHONY\.gradle\caches\modules-2\files-2.1\org.jetbrains.kotlin\kotlin-script-runtime\2.1.0\5909da8c57b75a117714ab0e348c86101b7a3284\kotlin-script-runtime-2.1.0.jar;C:\Users\ANTHONY\.gradle\caches\modules-2\files-2.1\org.jetbrains.kotlin\kotlin-reflect\1.6.10\1cbe9c92c12a94eea200d23c2bbaedaf3daf5132\kotlin-reflect-1.6.10.jar;C:\Users\ANTHONY\.gradle\caches\modules-2\files-2.1\org.jetbrains.kotlin\kotlin-daemon-embeddable\2.1.0\420bae1908e4a353f5b56c3c850d24d86367b25d\kotlin-daemon-embeddable-2.1.0.jar;C:\Users\ANTHONY\.gradle\caches\modules-2\files-2.1\org.jetbrains.intellij.deps\trove4j\1.0.20200330\3afb14d5f9ceb459d724e907a21145e8ff394f02\trove4j-1.0.20200330.jar;C:\Users\ANTHONY\.gradle\caches\modules-2\files-2.1\org.jetbrains.kotlinx\kotlinx-coroutines-core-jvm\1.6.4\2c997cd1c0ef33f3e751d3831929aeff1390cb30\kotlinx-coroutines-core-jvm-1.6.4.jar;C:\Users\ANTHONY\.gradle\caches\modules-2\files-2.1\org.jetbrains\annotations\13.0\919f0dfe192fb4e063e7dacadee7f8bb9a2672a9\annotations-13.0.jar
Launcher Type: SUN_STANDARD

[Global flags]
     intx CICompilerCount                          = 4                                         {product} {ergonomic}
     uint ConcGCThreads                            = 2                                         {product} {ergonomic}
     uint G1ConcRefinementThreads                  = 8                                         {product} {ergonomic}
   size_t G1HeapRegionSize                         = 1048576                                   {product} {ergonomic}
    uintx GCDrainStackTargetSize                   = 64                                        {product} {ergonomic}
   size_t InitialHeapSize                          = 100663296                                 {product} {ergonomic}
   size_t MarkStackSize                            = 4194304                                   {product} {ergonomic}
   size_t MaxHeapSize                              = 1595932672                                {product} {ergonomic}
   size_t MaxNewSize                               = 957349888                                 {product} {ergonomic}
   size_t MinHeapDeltaBytes                        = 1048576                                   {product} {ergonomic}
   size_t MinHeapSize                              = 8388608                                   {product} {ergonomic}
    uintx NonNMethodCodeHeapSize                   = 5839372                                {pd product} {ergonomic}
    uintx NonProfiledCodeHeapSize                  = 122909434                              {pd product} {ergonomic}
    uintx ProfiledCodeHeapSize                     = 122909434                              {pd product} {ergonomic}
    uintx ReservedCodeCacheSize                    = 251658240                              {pd product} {ergonomic}
     bool SegmentedCodeCache                       = true                                      {product} {ergonomic}
   size_t SoftMaxHeapSize                          = 1595932672                             {manageable} {ergonomic}
     bool UseCompressedClassPointers               = true                           {product lp64_product} {ergonomic}
     bool UseCompressedOops                        = true                           {product lp64_product} {ergonomic}
     bool UseG1GC                                  = true                                      {product} {ergonomic}
     bool UseLargePagesIndividualAllocation        = false                                  {pd product} {ergonomic}

Logging:
Log output configuration:
 #0: stdout all=warning uptime,level,tags
 #1: stderr all=off uptime,level,tags

Environment Variables:
JAVA_HOME=E:\Java\17
CLASSPATH=E:\UPC-Trabajo fuerte\AgileEzGym\MobileApp\android\\gradle\wrapper\gradle-wrapper.jar
PATH=E:\Java\17\bin;C:\Program Files\Microsoft\jdk-11.0.16.101-hotspot\bin;E:\Coretto\jdk21.0.3_9\bin;C:\Program Files\Common Files\Oracle\Java\javapath;C:\ProgramData\Oracle\Java\javapath;C:\Program Files (x86)\Common Files\Oracle\Java\javapath;C:\WINDOWS\system32;C:\WINDOWS;C:\WINDOWS\System32\Wbem;C:\WINDOWS\System32\WindowsPowerShell\v1.0\;C:\WINDOWS\System32\OpenSSH\;C:\Program Files\dotnet\;C:\Program Files\Microsoft SQL Server\150\Tools\Binn\;C:\Program Files\Microsoft SQL Server\Client SDK\ODBC\170\Tools\Binn\;C:\ProgramData\chocolatey\bin;C:\Program Files\Git\cmd;C:\Program Files\nodejs\;E:\flutterSDK\flutter\bin;C:\Users\ANTHONY\AppData\Local\Programs\Python\Python310-32\Scripts\;C:\Users\ANTHONY\AppData\Local\Programs\Python\Python310-32\;C:\Users\ANTHONY\AppData\Local\Programs\Python\Python311\Scripts\;C:\Users\ANTHONY\AppData\Local\Programs\Python\Python311\;C:\Users\ANTHONY\AppData\Local\Microsoft\WindowsApps;C:\Users\ANTHONY\AppData\Local\Programs\Microsoft VS Code\bin;C:\Users\ANTHONY\AppData\Local\GitHubDesktop\bin;C:\Users\ANTHONY\.dotnet\tools;C:\tools\dart-sdk\bin;C:\Users\ANTHONY\AppData\Local\Pub\Cache\bin;C:\tools\flutter\bin;C:\Program Files\Java\jdk-17\bin;C:\Users\ANTHONY\AppData\Roaming\npm\node_modules\@angular\cli\bin;C:\Users\ANTHONY\AppData\Roaming\npm;C:\Program Files\nodejs\;E:\Nuget;;E:\flutterSDK\flutter\bin\mingit\cmd
USERNAME=ANTHONY
OS=Windows_NT
PROCESSOR_IDENTIFIER=AMD64 Family 23 Model 24 Stepping 1, AuthenticAMD
TMP=C:\Users\ANTHONY\AppData\Local\Temp
TEMP=C:\Users\ANTHONY\AppData\Local\Temp



Periodic native trim disabled


---------------  S Y S T E M  ---------------

OS:
 Windows 11 , 64 bit Build 22621 (10.0.22621.5262)
OS uptime: 10 days 22:17 hours
Hyper-V role detected

CPU: total 8 (initial active 8) (8 cores per cpu, 2 threads per core) family 23 model 24 stepping 1 microcode 0x0, cx8, cmov, fxsr, ht, mmx, 3dnowpref, sse, sse2, sse3, ssse3, sse4a, sse4.1, sse4.2, popcnt, lzcnt, tsc, tscinvbit, avx, avx2, aes, clmul, bmi1, bmi2, adx, sha, fma, vzeroupper, clflush, clflushopt, hv
Processor Information for the first 8 processors :
  Max Mhz: 2300, Current Mhz: 2300, Mhz Limit: 2300

Memory: 4k page, system-wide physical 6082M (167M free)
TotalPageFile size 18970M (AvailPageFile size 0M)
current process WorkingSet (physical memory assigned to process): 287M, peak: 324M
current process commit charge ("private bytes"): 385M, peak: 401M

vm_info: OpenJDK 64-Bit Server VM (17.0.15+6-LTS) for windows-amd64 JRE (17.0.15+6-LTS), built on Apr  9 2025 22:27:25 by "MicrosoftCorporation" with unknown MS VC++:1939

END.
